Build started 27/12/2017 15:55:59.
     1>Project "C:\SAMUEL\Latihan_File\file_1\file_1\file_1.vcxproj" on node 2 (build target(s)).
     1>InitializeBuildStatus:
         Creating "Debug\file_1.unsuccessfulbuild" because "AlwaysCreate" was specified.
       ClCompile:
         C:\Program Files (x86)\Microsoft Visual Studio 10.0\VC\bin\CL.exe /c /ZI /nologo /W3 /WX- /Od /Oy- /D WIN32 /D _DEBUG /D _CONSOLE /D _UNICODE /D UNICODE /Gm /EHsc /RTC1 /MDd /GS /fp:precise /Zc:wchar_t /Zc:forScope /Fo"Debug\\" /Fd"Debug\vc100.pdb" /Gd /TP /analyze- /errorReport:prompt main.cpp
         main.cpp
     1>c:\samuel\latihan_file\file_1\file_1\main.cpp(30): warning C4244: '=' : conversion from 'std::streamoff' to 'long', possible loss of data
     1>c:\samuel\latihan_file\file_1\file_1\main.cpp(32): warning C4244: '=' : conversion from 'double' to 'long', possible loss of data
     1>c:\samuel\latihan_file\file_1\file_1\main.cpp(68): warning C4244: '=' : conversion from 'std::streamoff' to 'long', possible loss of data
     1>c:\samuel\latihan_file\file_1\file_1\main.cpp(79): warning C4244: '=' : conversion from 'std::streamoff' to 'long', possible loss of data
       ManifestResourceCompile:
         All outputs are up-to-date.
       Link:
         C:\Program Files (x86)\Microsoft Visual Studio 10.0\VC\bin\link.exe /ERRORREPORT:PROMPT /OUT:"C:\SAMUEL\Latihan_File\file_1\Debug\file_1.exe" /INCREMENTAL /NOLOGO kernel32.lib user32.lib gdi32.lib winspool.lib comdlg32.lib advapi32.lib shell32.lib ole32.lib oleaut32.lib uuid.lib odbc32.lib odbccp32.lib /MANIFEST /ManifestFile:"Debug\file_1.exe.intermediate.manifest" /MANIFESTUAC:"level='asInvoker' uiAccess='false'" /DEBUG /PDB:"C:\SAMUEL\Latihan_File\file_1\Debug\file_1.pdb" /SUBSYSTEM:CONSOLE /TLBID:1 /DYNAMICBASE /NXCOMPAT /IMPLIB:"C:\SAMUEL\Latihan_File\file_1\Debug\file_1.lib" /MACHINE:X86 Debug\file_1.exe.embed.manifest.res
         Debug\main.obj
       Manifest:
         C:\Program Files (x86)\Microsoft SDKs\Windows\v7.0A\bin\mt.exe /nologo /verbose /out:"Debug\file_1.exe.embed.manifest" /manifest Debug\file_1.exe.intermediate.manifest
         All outputs are up-to-date.
       LinkEmbedManifest:
         All outputs are up-to-date.
         file_1.vcxproj -> C:\SAMUEL\Latihan_File\file_1\Debug\file_1.exe
       FinalizeBuildStatus:
         Deleting file "Debug\file_1.unsuccessfulbuild".
         Touching "Debug\file_1.lastbuildstate".
     1>Done Building Project "C:\SAMUEL\Latihan_File\file_1\file_1\file_1.vcxproj" (build target(s)).

Build succeeded.

Time Elapsed 00:00:01.34
